2025-07-23 10:15:30 - ERROR - No valid records for store 1683, skipping.
2025-07-23 10:15:30 - INFO - \u2705 Total time: 4.94 seconds
2025-07-23 10:16:40 - ERROR - No valid records for store 1683, skipping.
2025-07-23 10:16:40 - INFO - \u2705 Total time: 3.76 seconds
2025-07-23 10:19:32 - ERROR - No valid records for store 1683, skipping.
2025-07-23 10:19:32 - INFO - \u2705 Total time: 1.73 seconds
2025-07-23 10:20:42 - ERROR - No valid records for store 1683, skipping.
2025-07-23 10:20:42 - INFO - \u2705 Total time: 2.27 seconds
2025-07-23 10:22:20 - ERROR - No valid records for store 1683, skipping.
2025-07-23 10:22:20 - INFO - \u2705 Total time: 1.74 seconds
2025-07-23 10:25:39 - ERROR - No valid records for store 1683, skipping.
2025-07-23 10:25:39 - INFO - \u2705 Total time: 2.06 seconds
2025-07-23 10:26:58 - ERROR - No valid records for store 1683, skipping.
2025-07-23 10:26:58 - INFO - \u2705 Total time: 3.12 seconds
2025-07-23 10:39:13 - ERROR - No valid records for store 1683, skipping.
2025-07-23 10:39:13 - INFO - \u2705 Total time: 126.85 seconds
2025-07-23 10:43:14 - ERROR - No valid records for store 1683, skipping.
2025-07-23 10:43:14 - INFO - \u2705 Total time: 109.16 seconds
2025-07-23 10:53:47 - ERROR - No valid records for store 1683, skipping.
2025-07-23 10:53:47 - INFO - \u2705 Total time: 108.03 seconds
2025-07-23 10:58:31 - ERROR - No valid records for store 1683, skipping.
2025-07-23 10:58:31 - INFO - \u2705 Total time: 96.92 seconds
2025-07-23 11:06:55 - ERROR - No valid records for store 1683, skipping.
2025-07-23 11:06:55 - INFO - \u2705 Total time: 91.08 seconds
2025-07-23 11:26:45 - INFO - [milk] upserted: 3
2025-07-23 11:26:46 - INFO - [yogurt] upserted: 0
2025-07-23 11:26:49 - INFO - [vegetables] upserted: 8
2025-07-23 11:26:49 - INFO - [fresh_fruits] upserted: 0
2025-07-23 11:26:50 - INFO - [fresh_meat] upserted: 3
2025-07-23 11:26:50 - INFO - [seafood_&_fish_balls] upserted: 0
2025-07-23 11:26:53 - INFO - [cakes] upserted: 2
2025-07-23 11:26:55 - INFO - [candies] upserted: 0
2025-07-23 11:26:56 - INFO - [snacks] upserted: 0
2025-07-23 11:26:57 - INFO - [dried_fruits] upserted: 0
2025-07-23 11:26:58 - INFO - [alcoholic_beverages] upserted: 0
2025-07-23 11:27:01 - INFO - [beverages] upserted: 0
2025-07-23 11:27:05 - INFO - [instant_foods] upserted: 0
2025-07-23 11:27:08 - INFO - [grains_&_staples] upserted: 0
2025-07-23 11:27:08 - INFO - [cereals_&_grains] upserted: 0
2025-07-23 11:27:08 - INFO - [cold_cuts:_sausages_&_ham] upserted: 0
2025-07-23 11:27:12 - INFO - [seasonings] upserted: 0
2025-07-23 11:27:12 - INFO - \u2705 Total time: 127.22 seconds
